This is pdfTeX, Version 3.14159265-2.6-1.40.20 (TeX Live 2019) (preloaded format=pdflatex 2019.7.21)  12 OCT 2020 20:18
entering extended mode
 restricted \write18 enabled.
 %&-line parsing enabled.
**guia-rapido.tex
(./guia-rapido.tex
LaTeX2e <2018-12-01>
(/usr/local/texlive/2019/texmf-dist/tex/latex/extsizes/extarticle.cls
Document Class: extarticle 1996/10/08 v1.0 Non Standard LaTeX document class
(/usr/local/texlive/2019/texmf-dist/tex/latex/extsizes/size14.clo
File: size14.clo 1999/11/11 v1.4a NON-Standard LaTeX file (size option)
)
(/usr/local/texlive/2019/texmf-dist/tex/latex/base/exscale.sty
Package: exscale 2018/09/24 v2.1i Standard LaTeX package exscale
LaTeX Font Info:    Redeclaring symbol font `largesymbols' on input line 57.
LaTeX Font Info:    Overwriting symbol font `largesymbols' in version `normal'
(Font)                  OMX/cmex/m/n --> OMX/cmex/m/n on input line 57.
LaTeX Font Info:    Overwriting symbol font `largesymbols' in version `bold'
(Font)                  OMX/cmex/m/n --> OMX/cmex/m/n on input line 57.
\big@size=\dimen102
)
\c@part=\count80
\c@section=\count81
\c@subsection=\count82
\c@subsubsection=\count83
\c@paragraph=\count84
\c@subparagraph=\count85
\c@figure=\count86
\c@table=\count87
\abovecaptionskip=\skip41
\belowcaptionskip=\skip42
\bibindent=\dimen103
)
(/usr/local/texlive/2019/texmf-dist/tex/generic/babel/babel.sty
Package: babel 2019/07/19 3.33 The Babel package

(/usr/local/texlive/2019/texmf-dist/tex/generic/babel/switch.def
File: switch.def 2019/07/19 3.33 Babel switching mechanism
)
(/usr/local/texlive/2019/texmf-dist/tex/generic/babel-portuges/portuges.ldf
Language: portuges 2008/03/18 v1.2q Portuguese support from the babel system

(/usr/local/texlive/2019/texmf-dist/tex/generic/babel/babel.def
File: babel.def 2019/07/19 3.33 Babel common definitions
\babel@savecnt=\count88
\U@D=\dimen104

(/usr/local/texlive/2019/texmf-dist/tex/generic/babel/txtbabel.def)
\bbl@dirlevel=\count89
)
\l@brazilian = a dialect from \language\l@portuges 
Package babel Info: Making " an active character on input line 145.
))
(/usr/local/texlive/2019/texmf-dist/tex/latex/base/inputenc.sty
Package: inputenc 2018/08/11 v1.3c Input encoding file
\inpenc@prehook=\toks14
\inpenc@posthook=\toks15
)
(/usr/local/texlive/2019/texmf-dist/tex/latex/base/fontenc.sty
Package: fontenc 2018/08/11 v2.0j Standard LaTeX package

(/usr/local/texlive/2019/texmf-dist/tex/latex/base/t1enc.def
File: t1enc.def 2018/08/11 v2.0j Standard LaTeX file
LaTeX Font Info:    Redeclaring font encoding T1 on input line 48.
))
(/usr/local/texlive/2019/texmf-dist/tex/latex/listings/listings.sty
(/usr/local/texlive/2019/texmf-dist/tex/latex/graphics/keyval.sty
Package: keyval 2014/10/28 v1.15 key=value parser (DPC)
\KV@toks@=\toks16
)
\lst@mode=\count90
\lst@gtempboxa=\box27
\lst@token=\toks17
\lst@length=\count91
\lst@currlwidth=\dimen105
\lst@column=\count92
\lst@pos=\count93
\lst@lostspace=\dimen106
\lst@width=\dimen107
\lst@newlines=\count94
\lst@lineno=\count95
\lst@maxwidth=\dimen108

(/usr/local/texlive/2019/texmf-dist/tex/latex/listings/lstmisc.sty
File: lstmisc.sty 2019/02/27 1.8b (Carsten Heinz)
\c@lstnumber=\count96
\lst@skipnumbers=\count97
\lst@framebox=\box28
)
(/usr/local/texlive/2019/texmf-dist/tex/latex/listings/listings.cfg
File: listings.cfg 2019/02/27 1.8b listings configuration
))
Package: listings 2019/02/27 1.8b (Carsten Heinz)

(./guia-rapido.aux)
\openout1 = `guia-rapido.aux'.

LaTeX Font Info:    Checking defaults for OML/cmm/m/it on input line 14.
LaTeX Font Info:    ... okay on input line 14.
LaTeX Font Info:    Checking defaults for T1/cmr/m/n on input line 14.
LaTeX Font Info:    ... okay on input line 14.
LaTeX Font Info:    Checking defaults for OT1/cmr/m/n on input line 14.
LaTeX Font Info:    ... okay on input line 14.
LaTeX Font Info:    Checking defaults for OMS/cmsy/m/n on input line 14.
LaTeX Font Info:    ... okay on input line 14.
LaTeX Font Info:    Checking defaults for OMX/cmex/m/n on input line 14.
LaTeX Font Info:    ... okay on input line 14.
LaTeX Font Info:    Checking defaults for U/cmr/m/n on input line 14.
LaTeX Font Info:    ... okay on input line 14.
\c@lstlisting=\count98
LaTeX Font Info:    Try loading font information for OMS+cmr on input line 32.

(/usr/local/texlive/2019/texmf-dist/tex/latex/base/omscmr.fd
File: omscmr.fd 2014/09/29 v2.5h Standard LaTeX font definitions
)
LaTeX Font Info:    Font shape `OMS/cmr/m/n' in size <14.4> not available
(Font)              Font shape `OMS/cmsy/m/n' tried instead on input line 32.
 [1

{/usr/local/texlive/2019/texmf-var/fonts/map/pdftex/updmap/pdftex.map}] [2]
Overfull \hbox (79.90591pt too wide) in paragraph at lines 69--70
[][][][][][][][][][][][][][][][] 
 []

LaTeX Font Info:    External font `cmex7' loaded for size
(Font)              <7> on input line 70.

Overfull \hbox (14.1116pt too wide) in paragraph at lines 72--73
[][][][][][][][][][][][][][][][] 
 []


Overfull \hbox (30.56018pt too wide) in paragraph at lines 91--92
[][][][][][][][][][][][][][][][][][][][] 
 []

[3] [4]
Overfull \hbox (88.1302pt too wide) in paragraph at lines 135--136
[][][][][][][][][][][][][][][][][][][][] 
 []


Overfull \hbox (63.45734pt too wide) in paragraph at lines 137--138
[][][][][][][][][][][] 
 []


Overfull \hbox (5.88731pt too wide) in paragraph at lines 138--139
[][][][][][][] 
 []


Overfull \hbox (129.25165pt too wide) in paragraph at lines 140--141
[][][][][][][][][][][][][][][][][][][][] 
 []


Overfull \hbox (104.57878pt too wide) in paragraph at lines 142--143
[][][][][][][][][][][] 
 []


Overfull \hbox (22.33589pt too wide) in paragraph at lines 143--144
[][][][][][][] 
 []


Overfull \hbox (30.56018pt too wide) in paragraph at lines 145--146
[][][][][][][][][][][][][][][][][][][][] 
 []

[5] [6]

! LaTeX Error: \begin{document} ended by \end{section}.

See the LaTeX manual or LaTeX Companion for explanation.
Type  H <return>  for immediate help.
 ...                                              
                                                  
l.202 \end{section}
                   
? 
! Extra \endgroup.
<recently read> \endgroup 
                          
l.202 \end{section}
                   
? 
[7] (./guia-rapido.aux) ) 
Here is how much of TeX's memory you used:
 2720 strings out of 492609
 36479 string characters out of 6129048
 114950 words of memory out of 5000000
 6667 multiletter control sequences out of 15000+600000
 11914 words of font info for 33 fonts, out of 8000000 for 9000
 1141 hyphenation exceptions out of 8191
 26i,6n,32p,219b,1020s stack positions out of 5000i,500n,10000p,200000b,80000s
{/usr/local/texlive/2019/texmf-dist/fonts/enc/dvips/cm
-super/cm-super-t1.enc}</usr/local/texlive/2019/texmf-dist/fonts/type1/public/a
msfonts/cm/cmsy10.pfb></usr/local/texlive/2019/texmf-dist/fonts/type1/public/cm
-super/sfbx1728.pfb></usr/local/texlive/2019/texmf-dist/fonts/type1/public/cm-s
uper/sfbx2074.pfb></usr/local/texlive/2019/texmf-dist/fonts/type1/public/cm-sup
er/sfrm1440.pfb></usr/local/texlive/2019/texmf-dist/fonts/type1/public/cm-super
/sfrm1728.pfb></usr/local/texlive/2019/texmf-dist/fonts/type1/public/cm-super/s
frm2488.pfb>
Output written on guia-rapido.pdf (7 pages, 100351 bytes).
PDF statistics:
 53 PDF objects out of 1000 (max. 8388607)
 37 compressed objects within 1 object stream
 0 named destinations out of 1000 (max. 500000)
 1 words of extra memory for PDF output out of 10000 (max. 10000000)

